<?xml version="1.0" encoding="UTF-8"?>
<!-- Generated by org.testng.reporters.JUnitReportReporter -->
<testsuite hostname="sys" name="testPrograms.MissingTest" tests="2" failures="0" timestamp="31 Aug 2015 22:34:57 GMT" time="0.008" errors="0">
  <testcase name="MissTest1" time="0.006" classname="testPrograms.MissingTest"/>
  <testcase name="MissTest2" time="0.002" classname="testPrograms.MissingTest"/>
</testsuite> <!-- testPrograms.MissingTest -->
