<?xml version="1.0" encoding="UTF-8"?>
<!-- Generated by org.testng.reporters.JUnitReportReporter -->
<testsuite hostname="sys" name="testPrograms.LinearSearchTest" tests="3" failures="0" timestamp="3 Sep 2015 22:29:34 GMT" time="0.044" errors="0">
  <testcase name="lineartest1" time="0.040" classname="testPrograms.LinearSearchTest"/>
  <testcase name="lineartest2" time="0.001" classname="testPrograms.LinearSearchTest"/>
  <testcase name="lineartest3" time="0.003" classname="testPrograms.LinearSearchTest"/>
</testsuite> <!-- testPrograms.LinearSearchTest -->
