<?xml version="1.0" encoding="UTF-8"?>
<!-- Generated by org.testng.reporters.JUnitReportReporter -->
<testsuite hostname="sys" name="testPrograms.CommonNumTest" tests="3" failures="0" timestamp="3 Sep 2015 18:34:44 GMT" time="0.016" errors="0">
  <testcase name="NegativeCommonTest1" time="0.016" classname="testPrograms.CommonNumTest"/>
  <testcase name="PositiveCommonTest1" time="0.000" classname="testPrograms.CommonNumTest"/>
  <testcase name="RepeatedCommonTest1" time="0.000" classname="testPrograms.CommonNumTest"/>
</testsuite> <!-- testPrograms.CommonNumTest -->
