<?xml version="1.0" encoding="UTF-8"?>
<!-- Generated by org.testng.reporters.JUnitReportReporter -->
<testsuite hostname="sys" name="testPrograms.PrimeTest" tests="2" failures="0" timestamp="31 Aug 2015 22:34:57 GMT" time="0.008" errors="0">
  <testcase name="Testnum2" time="0.004" classname="testPrograms.PrimeTest"/>
  <testcase name="Testnum1" time="0.004" classname="testPrograms.PrimeTest"/>
</testsuite> <!-- testPrograms.PrimeTest -->
