<?xml version="1.0" encoding="UTF-8"?>
<!-- Generated by org.testng.reporters.JUnitReportReporter -->
<testsuite hostname="sys" name="testPrograms.SmallestTest" tests="3" failures="0" timestamp="31 Aug 2015 22:34:57 GMT" time="0.010" errors="0">
  <testcase name="TestZeroNum" time="0.001" classname="testPrograms.SmallestTest"/>
  <testcase name="TestNegativeNum" time="0.002" classname="testPrograms.SmallestTest"/>
  <testcase name="TestDuplicateNum" time="0.007" classname="testPrograms.SmallestTest"/>
</testsuite> <!-- testPrograms.SmallestTest -->
