<?xml version="1.0" encoding="UTF-8"?>
<!-- Generated by org.testng.reporters.JUnitReportReporter -->
<testsuite hostname="sys" name="testPrograms.StringReplaceTest" tests="2" failures="0" timestamp="8 Sep 2015 01:39:42 GMT" time="0.073" errors="0">
  <testcase name="teststring" time="0.071" classname="testPrograms.StringReplaceTest"/>
  <testcase name="teststring1" time="0.002" classname="testPrograms.StringReplaceTest"/>
</testsuite> <!-- testPrograms.StringReplaceTest -->
