<?xml version="1.0" encoding="UTF-8"?>
<!-- Generated by org.testng.reporters.JUnitReportReporter -->
<testsuite hostname="sys" name="testPrograms.FibonacciTest" tests="2" failures="0" timestamp="31 Aug 2015 22:34:57 GMT" time="0.005" errors="0">
  <testcase name="TestCountNum" time="0.004" classname="testPrograms.FibonacciTest"/>
  <testcase name="TestPosition" time="0.001" classname="testPrograms.FibonacciTest"/>
</testsuite> <!-- testPrograms.FibonacciTest -->
